This is e-pTeX, Version 3.14159265-p3.8.2-190131-2.6 (utf8.euc) (TeX Live 2019) (preloaded format=platex 2019.6.27)  18 OCT 2019 12:55
entering extended mode
 restricted \write18 enabled.
 %&-line parsing enabled.
**/Users/miyaguchinaoki/Class/le4/SVM/report/ex4-1
(/Users/miyaguchinaoki/Class/le4/SVM/report/ex4-1.tex
pLaTeX2e <2019-04-06> (based on LaTeX2e <2018-12-01>)
(/usr/local/texlive/2019/texmf-dist/tex/latex/base/article.cls
Document Class: article 2018/09/03 v1.4i Standard LaTeX document class
(/usr/local/texlive/2019/texmf-dist/tex/latex/base/size11.clo
File: size11.clo 2018/09/03 v1.4i Standard LaTeX file (size option)
)
\c@part=\count83
\c@section=\count84
\c@subsection=\count85
\c@subsubsection=\count86
\c@paragraph=\count87
\c@subparagraph=\count88
\c@figure=\count89
\c@table=\count90
\abovecaptionskip=\skip41
\belowcaptionskip=\skip42
\bibindent=\dimen118
) (/usr/local/texlive/2019/texmf-dist/tex/latex/listings/listings.sty (/usr/local/texlive/2019/texmf-dist/tex/latex/graphics/keyval.sty
Package: keyval 2014/10/28 v1.15 key=value parser (DPC)
\KV@toks@=\toks15
)
\lst@mode=\count91
\lst@gtempboxa=\box43
\lst@token=\toks16
\lst@length=\count92
\lst@currlwidth=\dimen119
\lst@column=\count93
\lst@pos=\count94
\lst@lostspace=\dimen120
\lst@width=\dimen121
\lst@newlines=\count95
\lst@lineno=\count96
\lst@maxwidth=\dimen122
 (/usr/local/texlive/2019/texmf-dist/tex/latex/listings/lstmisc.sty
File: lstmisc.sty 2019/02/27 1.8b (Carsten Heinz)
\c@lstnumber=\count97
\lst@skipnumbers=\count98
\lst@framebox=\box44
) (/usr/local/texlive/2019/texmf-dist/tex/latex/listings/listings.cfg
File: listings.cfg 2019/02/27 1.8b listings configuration
))
Package: listings 2019/02/27 1.8b (Carsten Heinz)
 (/usr/local/texlive/2019/texmf-dist/tex/latex/tools/indentfirst.sty
Package: indentfirst 1995/11/23 v1.03 Indent first paragraph (DPC)
) (/usr/local/texlive/2019/texmf-dist/tex/latex/fancybox/fancybox.sty
Package: fancybox 2010/05/15 1.4

Style option: `fancybox' v1.4 <2010/05/15> (tvz)
\@fancybox=\box45
\shadowsize=\dimen123
\@Sbox=\box46
\do@VerbBox=\toks17
\the@fancyput=\toks18
\this@fancyput=\toks19
\EndVerbatimTokens=\toks20
\Verbatim@Outfile=\write3
\Verbatim@Infile=\read1
) (/usr/local/texlive/2019/texmf-dist/tex/latex/ascmac/ascmac.sty
Package: ascmac 2018/03/09 v2.0h ascmac wrapper (community edition) 
 (/usr/local/texlive/2019/texmf-dist/tex/latex/ascmac/tascmac.sty
Package: tascmac 2018/03/09 v2.0h ascmac package (community edition) 
\@savetbaselineshift=\dimen124
\@saveybaselineshift=\dimen125
\scb@x=\box47
\scscb@x=\box48
\@bw=\dimen126
\@nbox=\box49
\@nbody=\box50
\@scw=\dimen127
\ascmac@hoboxa=\box51
\ascmac@hoboxb=\box52
\@itemh=\dimen128
\@iboxpos=\toks21
\@iboxstr=\box53
\@bwsp=\box54
\@@bwsp=\box55
\@bcal=\count99
\shaderule=\dimen129
)) (/usr/local/texlive/2019/texmf-dist/tex/latex/graphics/graphicx.sty
Package: graphicx 2017/06/01 v1.1a Enhanced LaTeX Graphics (DPC,SPQR)
 (/usr/local/texlive/2019/texmf-dist/tex/latex/graphics/graphics.sty
Package: graphics 2017/06/25 v1.2c Standard LaTeX Graphics (DPC,SPQR)
 (/usr/local/texlive/2019/texmf-dist/tex/latex/graphics/trig.sty
Package: trig 2016/01/03 v1.10 sin cos tan (DPC)
) (/usr/local/texlive/2019/texmf-dist/tex/latex/graphics-cfg/graphics.cfg
File: graphics.cfg 2016/06/04 v1.11 sample graphics configuration
)
Package graphics Info: Driver file: dvipdfmx.def on input line 99.
 (/usr/local/texlive/2019/texmf-dist/tex/latex/graphics-def/dvipdfmx.def
File: dvipdfmx.def 2017/06/24 v5.0g Graphics/color driver for dvipdfmx
))
\Gin@req@height=\dimen130
\Gin@req@width=\dimen131
) (./ex4-1.aux)
\openout1 = `ex4-1.aux'.

LaTeX Font Info:    Checking defaults for OML/cmm/m/it on input line 14.
LaTeX Font Info:    ... okay on input line 14.
LaTeX Font Info:    Checking defaults for T1/cmr/m/n on input line 14.
LaTeX Font Info:    ... okay on input line 14.
LaTeX Font Info:    Checking defaults for OT1/cmr/m/n on input line 14.
LaTeX Font Info:    ... okay on input line 14.
LaTeX Font Info:    Checking defaults for OMS/cmsy/m/n on input line 14.
LaTeX Font Info:    ... okay on input line 14.
LaTeX Font Info:    Checking defaults for OMX/cmex/m/n on input line 14.
LaTeX Font Info:    ... okay on input line 14.
LaTeX Font Info:    Checking defaults for U/cmr/m/n on input line 14.
LaTeX Font Info:    ... okay on input line 14.
LaTeX Font Info:    Checking defaults for JY1/mc/m/n on input line 14.
LaTeX Font Info:    ... okay on input line 14.
LaTeX Font Info:    Checking defaults for JT1/mc/m/n on input line 14.
LaTeX Font Info:    ... okay on input line 14.
\c@lstlisting=\count100
LaTeX Font Info:    External font `cmex10' loaded for size
(Font)              <12> on input line 15.
LaTeX Font Info:    External font `cmex10' loaded for size
(Font)              <8> on input line 15.
LaTeX Font Info:    External font `cmex10' loaded for size
(Font)              <6> on input line 15.
 [1

]
LaTeX Font Info:    Font shape `JT1/mc/bx/n' in size <14.4> not available
(Font)              Font shape `JT1/gt/m/n' tried instead on input line 17.
LaTeX Font Info:    Font shape `JY1/mc/bx/n' in size <14.4> not available
(Font)              Font shape `JY1/gt/m/n' tried instead on input line 17.
LaTeX Font Info:    Font shape `JT1/mc/bx/n' in size <12> not available
(Font)              Font shape `JT1/gt/m/n' tried instead on input line 25.
LaTeX Font Info:    Font shape `JY1/mc/bx/n' in size <12> not available
(Font)              Font shape `JY1/gt/m/n' tried instead on input line 25.
LaTeX Font Info:    Try loading font information for OMS+cmr on input line 27.
 (/usr/local/texlive/2019/texmf-dist/tex/latex/base/omscmr.fd
File: omscmr.fd 2014/09/29 v2.5h Standard LaTeX font definitions
)
LaTeX Font Info:    Font shape `OMS/cmr/m/n' in size <10.95> not available
(Font)              Font shape `OMS/cmsy/m/n' tried instead on input line 27.
LaTeX Font Info:    Font shape `JT1/mc/bx/n' in size <10.95> not available
(Font)              Font shape `JT1/gt/m/n' tried instead on input line 36.
LaTeX Font Info:    Font shape `JY1/mc/bx/n' in size <10.95> not available
(Font)              Font shape `JY1/gt/m/n' tried instead on input line 36.
 [2]
LaTeX Font Info:    External font `cmex10' loaded for size
(Font)              <10.95> on input line 51.
 [3] [4] [5]
File: ../results/linear.png Graphic file (type bmp)
<../results/linear.png>
File: ../results/gaussian_sigma=10_circle.png Graphic file (type bmp)
<../results/gaussian_sigma=10_circle.png>

Overfull \hbox (19.16928pt too wide) in paragraph at lines 160--161
 [] 
 []

File: ../results/poly_circle.png Graphic file (type bmp)
<../results/poly_circle.png>

Overfull \hbox (19.16928pt too wide) in paragraph at lines 166--167
 [] 
 []


Overfull \hbox (2.43333pt too wide) in paragraph at lines 157--169
[][]$[]$[] []$[]$[] 
 []

File: ../results/gaussian_sigma=5.png Graphic file (type bmp)
<../results/gaussian_sigma=5.png>
[6] [7]
File: ../results/gaussian_sigma=10_2703_accuracy=0_8.png Graphic file (type bmp)
<../results/gaussian_sigma=10_2703_accuracy=0_8.png>
 [8] [9] (./ex4-1.aux) ) 
Here is how much of TeX's memory you used:
 2263 strings out of 493216
 31209 string characters out of 6143982
 106041 words of memory out of 5000000
 6269 multiletter control sequences out of 15000+600000
 15261 words of font info for 60 fonts, out of 8000000 for 9000
 929 hyphenation exceptions out of 8191
 26i,14n,32p,321b,367s stack positions out of 5000i,500n,10000p,200000b,80000s

Output written on ex4-1.dvi (9 pages, 18572 bytes).
